-2246928
4206 1702 346
4163 3752 -1
1292 770 -2
193 4187 -2
4476 3104 -3
2226 4962 -3
3406 619 -4
2520 4001 -4
1556 3383 -4
1021 4904 -4
2985 926 -4
2653 138 -4
3007 3167 -4
4579 3212 -5
4553 4873 -5
1140 4927 -5
4250 1269 -5
3061 2548 -6
3845 1455 -6
4871 1199 -7
4719 206 -7
2212 1209 -7
2003 1090 -8
2363 556 -8
1397 4566 -8
1793 3204 -8
2842 3469 -9
4579 4413 -9
3327 968 -9
4466 2779 -10
3803 1381 -11
4325 1336 -11
2426 2781 -11
3300 718 -11
4966 917 -12
2456 1454 -12
2481 4478 -12
2363 3708 -12
1518 1405 -12
399 410 -14
56 2325 -14
3221 1321 -14
1573 2369 -15
559 3449 -15
3722 3819 -15
4315 3831 -16
3701 4809 -16
4006 3866 -16
240 4330 -16
4410 4424 -16
3908 202 -16
206 1886 -16
1068 2314 -16
1293 1458 -17
4720 2599 -18
4919 3768 -18
924 202 -19
4005 2256 -21
3318 1461 -21
1211 817 -21
1760 1891 -22
4908 2356 -22
1949 758 -23
903 4423 -23
4270 3912 -24
146 536 -24
1176 152 -24
2352 4173 -24
1541 2478 -24
2473 2571 -25
1571 899 -25
565 2213 -25
1098 4227 -25
3467 453 -26
3437 126 -26
1991 1110 -26
2529 3350 -26
4859 2583 -26
3504 3387 -28
1610 2665 -28
3665 1514 -28
3236 535 -28
4379 4950 -29
691 1132 -29
4356 1717 -29
4116 3517 -30
1108 313 -30
510 3445 -30
4130 1994 -30
2813 2964 -30
4547 4465 -31
4460 284 -31
3398 3459 -31
1813 4913 -31
770 1273 -32
4371 3 -32
745 1108 -33
4791 2737 -33
3658 1669 -34
4036 20 -34
3411 2908 -34
3333 310 -34
1720 4013 -36
3393 4170 -36
3364 4409 -36
2456 3071 -37
2711 522 -38
4832 1245 -38
2284 2715 -38
377 1509 -38
633 1864 -39
919 2294 -39
3560 2810 -39
2431 3029 -39
316 1502 -40
1769 1468 -40
988 4057 -40
1613 3424 -40
3017 4127 -41
1929 2999 -41
1477 1251 -42
4125 4419 -43
2371 3925 -43
1049 2853 -43
1764 2947 -43
4352 484 -44
4536 4254 -44
2212 581 -44
800 2124 -45
3669 475 -45
2607 432 -45
167 2838 -45
1941 2958 -46
2457 1343 -47
2597 57 -47
3128 2496 -47
3067 62 -47
1283 3883 -47
2228 2848 -47
370 2366 -47
856 394 -48
1690 2473 -48
1214 4980 -48
1795 1326 -48
1397 1395 -49
4812 3803 -49
3680 3831 -49
4152 3547 -50
1045 845 -50
95 2856 -51
2028 2502 -51
333 3704 -52
4550 4672 -52
1118 3099 -52
3908 4644 -52
507 3976 -53
4105 52 -53
3460 3190 -53
2792 70 -53
2704 264 -53
671 3993 -53
3719 4422 -54
2368 52 -54
1892 2437 -54
1115 3509 -55
2292 2090 -55
1883 1563 -55
231 783 -55
914 1458 -55
853 1516 -55
1653 4625 -55
2366 2685 -56
1560 2971 -56
3622 3393 -56
4407 1958 -57
3679 1874 -57
3129 1603 -58
2520 3939 -59
357 1056 -59
2216 1810 -59
2897 4652 -60
3036 3146 -60
3775 169 -60
1075 4735 -61
2941 3005 -61
1770 4262 -61
2452 2953 -61
2962 4577 -61
4456 4711 -62
3747 2866 -62
157 802 -62
1123 257 -62
4084 4934 -63
1019 3655 -63
207 3255 -63
1886 3477 -64
987 3812 -65
107 4320 -65
3104 1993 -66
4471 1162 -66
4996 4551 -66
2087 4253 -66
2050 2968 -67
4610 4164 -67
3004 3046 -67
2905 1664 -67
3104 592 -68
1874 409 -68
3648 511 -68
2135 3895 -68
2463 1925 -69
570 1097 -69
1537 2637 -69
226 4269 -69
1055 2757 -69
3759 11 -70
1544 720 -70
2820 741 -70
4714 3518 -70
2498 906 -71
861 2539 -71
1112 93 -71
2264 4822 -71
4363 724 -71
1331 2765 -72
1858 1813 -72
579 3225 -72
1416 269 -72
4649 1296 -73
365 3642 -73
567 1854 -73
3170 604 -73
2824 3321 -73
2518 1687 -74
1881 2823 -75
2459 117 -75
3345 1600 -75
3350 3520 -75
2647 661 -76
790 4136 -76
1179 16 -76
2919 1001 -76
1122 3834 -76
4553 4560 -76
4617 4599 -77
2169 2230 -77
4806 4072 -77
4818 4340 -77
1112 2575 -78
4460 594 -78
487 4682 -78
1109 2289 -78
3614 4185 -78
1346 4847 -79
4671 934 -79
2863 931 -79
3020 402 -79
2649 1711 -80
179 4607 -80
4333 793 -81
115 212 -81
1606 4754 -81
4956 4176 -82
594 2902 -82
2053 850 -82
4112 3385 -82
132 2220 -83
1499 352 -83
4847 4332 -83
579 907 -83
330 3426 -84
3359 4121 -84
3724 2816 -84
1015 1638 -84
2234 2614 -85
489 4274 -86
472 3486 -86
2814 1791 -86
4980 4003 -86
1784 3966 -87
2046 1967 -87
3201 1749 -87
1780 1865 -87
124 2821 -87
4125 3641 -87
645 1127 -88
4878 1899 -88
4596 2311 -88
303 1669 -88
1606 1864 -89
4308 1761 -89
2297 1098 -89
1215 2081 -89
2960 4431 -89
1287 4129 -89
2088 3288 -89
1616 2919 -89
1629 920 -90
1610 3410 -90
1559 3875 -90
1491 2283 -90
3702 2364 -90
873 1304 -90
381 1789 -90
1660 2041 -90
4334 912 -90
3738 3485 -90
4003 2331 -91
2824 3533 -91
4665 1695 -91
1537 1014 -91
3673 3297 -91
4583 3753 -91
146 1283 -92
2957 2964 -92
300 4366 -92
2301 3577 -92
1971 3788 -92
1301 4264 -93
4669 2989 -93
2428 2728 -93
261 1289 -93
2550 2473 -94
257 997 -94
221 4205 -95
4740 3547 -95
822 2432 -96
4353 1626 -96
1450 2617 -96
1584 3662 -96
1717 4976 -96
4235 1947 -97
2962 1292 -97
3049 1611 -98
3397 3553 -98
2065 3433 -98
1374 708 -98
2517 3309 -98
653 4961 -99
1854 684 -100
2135 1680 -100
2772 3607 -100
4135 2071 -100
509 852 -101
2813 3151 -101
4683 3138 -102
1903 1810 -102
4468 846 -103
4275 4489 -103
1511 4352 -103
2047 172 -103
2830 3224 -103
1321 1679 -105
1587 4613 -105
4762 201 -106
2139 3081 -106
3438 1616 -106
4493 3338 -106
4622 368 -106
2745 2803 -107
4628 2823 -107
3273 157 -107
976 132 -109
277 3209 -109
1500 122 -110
4558 2100 -110
4323 2145 -110
3380 3149 -110
3741 1976 -111
2444 2748 -111
1798 2911 -112
739 422 -112
465 4599 -112
1397 828 -112
4121 2266 -112
3246 1378 -113
1470 2217 -113
1752 4847 -114
1376 3366 -114
519 3304 -114
35 1534 -115
4468 676 -115
4021 3475 -116
4266 1971 -116
1049 3829 -116
1828 2953 -117
3112 0 -117
2446 3717 -117
1950 3989 -117
2396 2477 -117
2660 587 -117
1746 4017 -118
3267 3890 -118
4672 4823 -119
3763 3225 -119
2343 4625 -120
2950 3131 -120
889 3481 -120
3349 3000 -120
831 3884 -120
2442 4993 -120
4132 1251 -121
726 2449 -121
2216 4004 -121
1590 4032 -122
3450 1369 -122
2151 375 -122
752 1991 -122
4055 366 -122
691 3459 -123
1541 2095 -123
555 3772 -123
4187 2150 -123
512 391 -123
3466 2725 -124
4827 1889 -124
1733 245 -124
396 4296 -125
1518 4686 -125
2402 563 -125
3543 4680 -126
2323 2740 -126
457 1362 -126
3936 62 -127
4497 433 -127
4355 48 -127
2148 4103 -127
3151 895 -127
4190 3151 -127
2658 4029 -128
4039 2208 -128
1432 4175 -128
554 922 -128
915 2824 -128
765 555 -129
54 4827 -129
1092 3765 -129
3498 1165 -129
747 397 -130
4534 2146 -130
721 74 -131
519 2391 -131
4342 4781 -131
3506 3377 -131
1527 687 -131
2563 2599 -131
2781 1717 -131
2582 4424 -131
3599 4605 -132
2066 1947 -132
2401 4118 -133
2635 4254 -133
3541 2889 -133
4110 2263 -133
2254 4746 -133
2620 976 -134
4626 4220 -134
4276 4281 -134
607 4803 -135
3794 4839 -135
1919 4961 -135
3420 2372 -135
2314 3432 -136
2119 648 -136
4670 3498 -137
1300 4863 -137
3974 1615 -137
1653 830 -138
4216 2295 -138
4159 2549 -138
1137 3363 -138
2278 4413 -138
3115 764 -138
553 2962 -138
2303 536 -139
4746 898 -140
3571 4056 -140
1773 1030 -140
3538 3300 -140
1802 2365 -140
991 717 -141
1925 2725 -141
1626 3962 -141
3080 59 -142
4928 3433 -142
4532 3194 -143
4558 926 -143
4240 3152 -144
3974 4337 -145
1164 2383 -145
2961 566 -145
2714 2124 -145
3692 766 -145
4807 514 -146
4666 3542 -146
2513 2535 -146
1696 2338 -146
2342 161 -146
839 1965 -146
2583 2843 -147
1068 3351 -147
1106 481 -147
3920 1831 -147
1958 1893 -148
4206 1678 -148
1251 193 -149
2092 4652 -150
4948 2127 -150
318 3305 -150
2870 4961 -150
1780 2097 -150
561 3288 -151
1123 3785 -151
1712 3047 -151
3194 3131 -151
3562 4869 -152
1307 4463 -152
260 1260 -152
4205 3138 -152
2664 3504 -152
2561 1032 -152
3982 2537 -152
1168 1725 -152
2975 3855 -153
2037 4209 -153
3700 4652 -153
753 225 -153
1868 4993 -154
2330 4145 -154
703 4139 -154
2007 1257 -154
1754 4109 -155
3284 4524 -155
318 3821 -155
1282 354 -156
771 3192 -156
2571 202 -157
1390 4770 -157
3045 4683 -157
1722 4777 -158
570 933 -158
91 1590 -158
2493 4662 -159
3058 565 -159
3004 4335 -159
4524 2476 -160
3522 3493 -160
4597 1378 -161
4844 2864 -161
1964 3753 -161
4720 2768 -162
1358 1350 -163
322 875 -163
1055 203 -163
380 920 -163
3956 2773 -164
1956 1162 -164
94 2301 -164
4575 2293 -164
2886 4999 -164
3715 3705 -166
3575 3038 -166
1933 3572 -166
586 1221 -166
1430 3470 -166
2087 677 -167
2797 57 -167
2939 133 -167
3134 1825 -167
2271 653 -167
4366 3238 -167
2917 1480 -167
3067 54 -168
1191 4513 -168
4261 1808 -168
75 1775 -168
402 1390 -168
3372 528 -168
3178 3455 -168
2427 4931 -169
1293 6 -169
4485 3834 -169
545 1109 -169
1423 3298 -169
816 1616 -170
2072 46 -170
3104 1115 -170
1603 2383 -170
1340 1075 -171
4980 1829 -171
1320 2365 -171
2569 3717 -171
2665 2397 -172
4750 4616 -172
1520 2327 -172
691 3036 -173
2300 765 -173
761 1876 -173
4990 4942 -173
949 1678 -173
4534 3161 -173
4409 1427 -173
2057 537 -173
2246 3621 -173
3926 555 -173
3502 611 -174
4799 4376 -174
494 2648 -174
4792 2984 -175
430 3010 -175
3096 1521 -175
640 4790 -175
3494 1365 -175
4112 1257 -175
4917 3081 -176
4551 4009 -176
4082 2050 -176
2107 3502 -176
3775 2343 -177
3095 80 -177
542 1972 -177
325 582 -177
4542 4361 -178
1573 2749 -178
3910 3952 -178
4231 373 -178
3961 439 -179
1504 1093 -179
0 1588 -179
1203 4019 -179
2893 2945 -180
4231 4119 -180
494 2726 -180
3657 4516 -180
2415 2426 -180
1316 4236 -181
178 2626 -181
2361 503 -182
4520 157 -182
924 4730 -182
4097 2303 -183
3568 1545 -183
1787 362 -183
1454 3654 -183
4568 295 -184
4094 3188 -184
4911 2652 -184
3491 1167 -184
2303 1018 -185
2844 60 -185
1349 1053 -185
4797 513 -185
717 4243 -185
3448 3139 -185
3011 1015 -186
3191 2460 -186
787 355 -186
382 1025 -186
4104 64 -186
1001 4364 -187
1651 2305 -187
1468 2377 -187
4839 4570 -188
4653 1833 -188
1867 2239 -188
3379 1070 -189
2626 3820 -189
1613 930 -189
1829 3527 -189
325 2815 -190
2432 1791 -190
3770 380 -191
982 3069 -192
2324 3697 -192
2233 1014 -192
1654 1809 -193
2281 1176 -193
4096 200 -193
3524 2381 -193
2692 2086 -194
1228 954 -194
2067 4489 -194
4540 3764 -194
2845 3633 -195
714 4645 -195
3392 3563 -195
1455 2426 -195
50 1319 -195
4859 3834 -195
989 1199 -195
3230 1400 -196
4502 4509 -196
4748 263 -197
2408 1502 -197
3211 3246 -197
1583 1623 -197
4830 4393 -198
126 4116 -198
3842 3495 -198
346 3480 -198
3936 3627 -198
3849 2475 -198
1299 2620 -199
3191 1626 -200
4608 408 -200
4866 2392 -201
3449 4824 -201
3038 0 -201
2538 3151 -202
2628 2656 -202
2927 157 -202
1877 4027 -202
3846 2072 -202
245 4126 -203
1659 2851 -203
4197 3689 -204
3529 3695 -204
1281 3694 -204
2595 3276 -204
995 2403 -204
1661 1839 -205
3540 2827 -205
4278 1468 -205
2242 246 -205
1536 131 -205
1266 2691 -206
966 3042 -206
2637 424 -206
1678 29 -206
2918 110 -206
3562 1824 -206
503 19 -206
1014 4800 -206
512 1929 -207
3379 4114 -207
4913 2835 -207
1586 4157 -207
2569 1459 -207
3201 858 -208
3046 509 -208
1106 80 -208
4067 4798 -209
111 826 -209
1330 1176 -209
3081 1898 -209
4896 2565 -210
1342 931 -210
2383 19 -210
4682 3930 -210
666 2448 -210
161 711 -211
3769 1827 -211
4739 766 -211
1252 586 -211
1783 4817 -211
109 4209 -211
1564 1813 -211
325 3104 -211
3426 4241 -212
2546 1932 -212
4525 221 -212
48 730 -212
99 777 -212
4980 2440 -213
3146 3441 -213
2395 4454 -213
4692 1327 -213
822 3260 -214
1820 3303 -215
3143 4957 -215
4092 666 -215
2245 3683 -215
3713 3407 -216
2760 737 -216
2028 131 -216
2327 621 -216
4793 2115 -216
4905 4902 -217
26 3607 -217
613 933 -217
4265 2347 -217
3154 325 -217
408 4123 -218
2289 558 -219
378 2911 -219
563 4056 -219
1648 68 -220
1615 3726 -220
4002 2147 -220
1310 1649 -220
3482 4633 -221
2829 3369 -222
1090 3701 -222
1588 3267 -223
4634 4968 -223
368 2689 -223
702 4489 -223
1892 2617 -224
3366 4604 -224
665 4441 -224
2180 2714 -225
2069 2127 -225
4309 4239 -225
1723 524 -226
3703 2338 -227
1103 771 -227
437 794 -228
84 3208 -228
1475 2268 -229
115 2865 -229
545 4569 -229
696 4987 -230
4160 4153 -231
2740 2080 -231
497 3601 -231
4600 2588 -231
3883 971 -231
4430 330 -231
4043 1311 -231
2910 2015 -232
4314 1821 -232
3340 1370 -232
2262 3072 -233
1241 3831 -233
420 2789 -233
1464 2267 -233
3136 2438 -233
1122 4749 -233
2611 736 -234
2002 852 -234
2953 3438 -234
51 3572 -234
1628 1055 -235
4366 1749 -235
1196 4540 -235
2436 1068 -235
4812 2184 -236
3350 2436 -236
3902 2203 -236
3381 597 -236
1228 4397 -236
1521 1292 -237
4425 3167 -237
587 3119 -237
3443 3053 -237
3940 559 -237
2985 2020 -237
1824 1103 -238
4401 4484 -238
4948 4622 -238
667 3424 -238
1799 289 -239
296 968 -239
817 1212 -239
985 147 -239
1781 220 -239
1963 13 -240
257 862 -240
2217 4634 -240
524 1873 -241
3093 4318 -241
4843 3066 -241
1391 3102 -242
3564 3357 -242
4197 3970 -242
3143 725 -242
3707 2921 -242
2933 953 -243
4718 385 -243
1491 975 -243
552 2615 -243
4185 2280 -243
2656 960 -243
3857 3481 -244
4371 4777 -244
2036 2486 -244
3914 3921 -244
4315 4712 -244
1449 1724 -244
1556 3741 -244
2156 2681 -244
1508 712 -245
3366 3723 -246
1037 455 -246
2098 681 -246
4673 49 -247
4578 191 -247
1656 3538 -247
1556 4122 -247
4032 1306 -247
2446 2992 -248
1982 3506 -248
2017 3492 -248
67 2989 -248
832 4174 -248
1784 1 -249
4805 2575 -249
4907 1678 -249
3932 443 -249
3807 3466 -250
4827 1342 -250
3479 679 -250
3889 990 -250
3578 3107 -250
2732 1717 -251
4954 2426 -251
4152 3319 -251
880 892 -251
826 4819 -251
2031 4968 -251
1120 291 -251
4257 1548 -252
3000 1263 -252
4012 259 -252
1825 2691 -253
3423 4450 -253
4626 1786 -253
397 3248 -253
2828 326 -254
3989 751 -254
3699 4092 -255
1375 723 -255
1820 4481 -256
3206 3187 -256
4868 1113 -256
2452 3240 -256
2986 3594 -257
1334 882 -257
1253 2205 -257
1775 861 -258
2651 686 -258
1982 3442 -258
3772 300 -259
3687 3592 -259
3272 4910 -260
2233 867 -260
1462 1453 -260
417 2661 -261
693 870 -261
4838 737 -262
1336 2436 -262
2841 4935 -262
1366 4128 -262
2328 3888 -263
1714 168 -263
2805 4250 -264
1104 2163 -264
3149 4236 -264
1891 4104 -265
4507 68 -265
2224 20 -265
4909 2799 -265
2451 4319 -265
1317 2369 -265
2430 3003 -266
1012 952 -266
1835 550 -266
2585 2490 -266
3935 2917 -266
3236 4118 -267
2288 4262 -267
377 1075 -267
2352 2362 -267
4216 1169 -267
4811 2652 -267
4612 4589 -268
2096 2270 -268
3163 2064 -268
3936 3851 -268
2230 1783 -268
4947 4923 -268
3772 4059 -268
1768 1146 -268
2249 4350 -270
1590 2114 -270
2657 2773 -270
1983 23 -270
1983 2822 -271
4945 2172 -271
2393 1445 -271
1050 2929 -271
18 3528 -272
34 4756 -272
228 2974 -272
4906 1704 -272
3823 3514 -273
1351 3250 -273
4258 4108 -273
3028 278 -273
139 3486 -274
2619 990 -275
3995 2834 -275
1394 2045 -275
4641 4098 -276
60 66 -276
187 850 -276
2124 3196 -277
4889 1885 -277
1679 765 -277
2231 143 -277
4085 2649 -277
3027 1266 -277
1228 3554 -277
4313 3598 -277
3597 2312 -278
2142 3420 -278
2100 2190 -278
275 1441 -279
3019 770 -279
667 1172 -279
3079 271 -279
443 908 -279
3494 2426 -279
1496 2931 -280
1849 1660 -280
3076 1038 -280
4225 3656 -280
3015 4314 -280
2002 363 -280
4883 3484 -280
4776 4018 -281
3194 3875 -281
4319 3139 -281
3901 3754 -282
1511 4011 -282
2165 4972 -282
512 3653 -283
1743 987 -283
3909 891 -283
2900 3287 -283
396 2018 -283
514 4202 -284
4282 1342 -284
3907 2250 -284
878 4821 -284
4824 363 -284
1976 1907 -285
2118 682 -285
4127 989 -285
3033 2932 -285
1614 681 -286
4968 1008 -286
2190 817 -287
447 3373 -288
3694 2181 -288
4641 1211 -288
1850 3082 -288
2143 3471 -288
3 3814 -288
686 954 -289
2744 3931 -289
3045 4111 -290
433 4526 -290
2045 128 -290
4658 1857 -291
4376 1934 -291
3391 1812 -291
4415 3495 -291
1216 2372 -292
1999 4869 -293
1498 700 -293
3145 1868 -293
2370 3247 -294
2499 559 -294
809 4883 -294
2498 2732 -294
3483 2026 -294
459 4172 -295
385 1751 -295
1975 4153 -295
4701 721 -296
2417 1506 -296
3672 2292 -296
3782 2203 -296
729 2426 -296
2166 4781 -297
4929 4006 -297
4258 4256 -297
2104 3381 -297
543 1241 -297
2340 1720 -298
3314 898 -298
3832 2322 -298
956 393 -298
244 997 -298
1560 3086 -299
321 2949 -299
2559 759 -299
3683 4216 -299
4480 4199 -299
4508 4795 -300
2790 1773 -301
20 3339 -301
3448 3241 -301
61 4334 -301
1723 1528 -301
596 2984 -302
2648 3774 -302
2599 3579 -302
796 2644 -302
2572 4450 -302
2700 940 -303
1260 4297 -303
2625 2695 -303
4627 1984 -303
4060 2627 -304
3603 3224 -304
1718 4461 -304
3528 3675 -304
91 1661 -305
4453 4850 -305
2128 22 -305
3173 979 -306
4657 3571 -306
4159 130 -306
2026 436 -306
2125 114 -306
2362 2076 -307
3154 2716 -307
1268 2950 -307
1808 4152 -308
638 2047 -308
4387 728 -308
4681 1538 -309
1085 2017 -309
4560 225 -309
4424 4908 -309
506 512 -309
2681 4832 -309
1607 4144 -309
1213 970 -309
4912 2391 -310
1745 3038 -312
84 2167 -312
3371 880 -313
3687 2362 -313
3185 4597 -314
4303 1977 -314
993 2787 -314
1463 2684 -315
4494 3023 -315
3351 4448 -315
1300 1192 -315
4329 2823 -316
3390 2390 -316
1109 1028 -316
738 4896 -316
1345 2563 -316
535 4843 -316
2449 1213 -317
2080 798 -317
1726 4430 -317
3541 1998 -317
167 2528 -317
746 2392 -317
64 322 -318
4038 4221 -318
3804 2007 -318
569 4789 -318
2542 2478 -318
3893 2842 -319
808 3719 -319
4619 2251 -320
583 604 -320
1748 3656 -320
4004 3100 -320
2164 3907 -320
3233 2712 -321
931 2918 -322
2625 303 -322
4396 2782 -322
4214 2442 -322
1332 2319 -322
4993 4254 -322
2093 4473 -323
4054 2222 -323
1485 2958 -323
931 616 -323
4775 939 -323
4342 181 -324
1635 1989 -324
4203 190 -324
3106 4334 -324
4033 4963 -324
1536 4820 -324
2547 4623 -324
3260 3867 -324
3327 4532 -325
1354 3235 -325
146 1898 -325
1803 4777 -325
3208 4187 -326
2317 576 -326
4032 2069 -326
1443 1745 -327
61 1041 -327
2103 4444 -327
1789 2262 -327
932 1973 -327
4451 101 -327
1239 3643 -328
916 356 -328
1302 1274 -328
2344 1344 -329
770 1003 -329
3809 2291 -329
851 80 -329
1130 905 -330
620 2278 -330
3397 4488 -330
3893 3774 -330
1180 449 -330
2323 1387 -330
2087 1455 -331
2126 4799 -331
4375 2057 -331
3968 2100 -331
4379 3750 -331
475 3601 -331
3783 3407 -331
4910 119 -331
2793 4984 -331
2908 4627 -332
485 3418 -332
1070 1060 -332
215 3738 -333
4364 1949 -333
4879 2486 -334
3612 4519 -334
3739 4253 -334
2564 611 -334
82 2701 -334
991 362 -335
1027 474 -335
3194 3112 -336
1813 39 -336
2525 2506 -336
1391 695 -336
3757 4058 -336
4769 2615 -337
932 3195 -337
2255 4971 -337
2285 2421 -337
765 1168 -337
3332 4762 -337
1960 3191 -337
3580 2448 -337
2563 4095 -338
2803 3506 -338
3060 735 -338
1936 3238 -338
3642 2241 -338
2392 1455 -339
945 3201 -339
2772 2719 -340
4785 2351 -340
3721 2687 -340
2848 4224 -340
4518 3360 -340
2404 4779 -341
3469 4712 -341
2877 3518 -341
3294 12 -341
303 1798 -341
558 688 -342
2418 280 -342
3397 2820 -343
2377 3970 -343
2417 4125 -343
3646 694 -344
2489 2596 -344
3078 2076 -344
2126 2729 -344
4425 3805 -344
1370 1889 -344
1482 4606 -344
3593 2326 -345
1011 572 -345
4326 3131 -345
2639 3036 -345
4223 332 -345
2789 4554 -345
4496 1355 -345
1425 1815 -346
4833 364 -346
1608 26 -346
1716 2744 -346
3825 2508 -347
3089 2124 -347
662 1996 -347
3039 4166 -347
2990 2185 -348
1306 298 -348
784 607 -348
0 3416 -348
1095 3118 -348
4439 828 -349
2961 3136 -349
2423 3834 -349
4456 1945 -350
2938 3912 -350
2886 4023 -350
4599 4168 -350
1323 3459 -351
876 3556 -351
2251 1453 -351
3264 4453 -351
3156 73 -351
197 3228 -351
182 3824 -351
4812 3709 -352
4944 3259 -352
4213 2218 -352
4468 1111 -352
1027 55 -353
353 3867 -353
480 4246 -354
4114 3516 -354
1574 521 -355
2818 436 -355
4909 4421 -355
997 707 -355
459 2430 -355
3236 1369 -355
3517 3649 -355
4686 3396 -355
1015 3895 -356
973 784 -356
2611 1235 -356
3966 1648 -356
4205 3884 -356
3471 3834 -356
1429 4327 -356
3055 3692 -356
1064 1251 -357
2855 1719 -357
3910 2824 -357
2099 3410 -357
3494 3297 -357
3964 2189 -357
2468 472 -358
3438 2798 -358
1476 1741 -358
174 3385 -358
4585 972 -359
1511 4004 -359
3091 3616 -359
1567 2822 -359
684 506 -359
2652 4458 -360
1886 3788 -360
3306 3759 -360
2554 3604 -360
3934 2928 -361
4623 1331 -361
4199 48 -361
3360 210 -361
4602 1561 -361
2593 1228 -361
3076 4313 -361
3496 4014 -362
3548 2794 -362
69 850 -362
1853 3995 -362
3952 2645 -362
4226 79 -362
2224 1830 -362
160 995 -363
1688 4043 -363
4415 877 -363
4433 3996 -364
3168 4330 -364
2020 4121 -364
3557 3209 -364
2827 2840 -364
3070 2663 -365
1683 2681 -365
2891 906 -365
2731 3458 -365
3981 3750 -366
3420 4877 -366
3829 672 -366
4549 2594 -366
2771 4751 -366
2341 2575 -366
3082 2382 -366
2732 2947 -366
4714 1163 -367
4544 2844 -367
3756 1752 -367
4321 4785 -367
4029 3685 -367
4075 2807 -367
4179 450 -367
1170 4933 -368
726 1083 -368
4871 2755 -369
1427 4803 -369
4940 2430 -369
2095 3703 -369
944 149 -369
2313 1911 -370
2219 790 -370
2207 3601 -370
2380 1607 -371
1821 2854 -371
4220 3573 -371
3758 945 -371
3842 783 -371
447 1206 -372
4436 457 -372
292 2067 -373
2490 2751 -373
3895 4134 -373
1925 4481 -374
4116 3686 -374
1046 4617 -375
543 1919 -375
2262 1586 -375
1067 4424 -375
1462 2492 -375
3136 3552 -375
1759 657 -375
4314 2588 -375
311 4588 -376
697 687 -376
1712 4321 -376
2705 478 -376
429 4658 -378
3721 3596 -378
1510 2679 -378
772 4212 -378
2918 2834 -378
1496 2411 -379
4058 1989 -379
4771 1154 -380
765 247 -381
3659 4711 -381
4468 698 -381
184 3111 -381
671 2098 -381
239 2285 -381
3325 3385 -382
4025 2623 -383
4023 1643 -383
4495 280 -384
2174 4940 -384
4964 707 -384
4759 258 -384
2843 4690 -384
1566 3467 -384
404 2882 -384
4238 4221 -385
3893 3899 -385
4403 106 -385
3944 1260 -385
2246 4993 -385
1454 1140 -385
264 1982 -385
1180 2553 -385
4435 4397 -387
4859 4276 -387
2057 2683 -388
61 3517 -388
172 363 -388
51 3919 -388
2369 290 -388
378 27 -388
76 580 -388
4531 3313 -389
2176 601 -389
3155 4578 -389
807 2774 -389
4331 3789 -390
923 4467 -390
1788 2157 -390
4770 4624 -390
790 3391 -390
2249 4952 -390
1816 3153 -391
4534 4206 -391
1579 3331 -391
23 2233 -391
3752 2385 -392
3114 316 -392
1511 966 -392
2535 827 -392
1546 1976 -392
2342 1499 -392
650 1785 -393
4004 3415 -393
1323 1833 -393
1171 4500 -393
3459 3782 -394
424 1679 -394
429 3652 -394
2057 2003 -394
1261 2135 -394
2979 2584 -395
2333 149 -395
3030 3936 -395
970 2536 -395
1535 4615 -395
4274 2104 -395
3260 4832 -396
923 1971 -396
3686 2812 -397
1624 737 -397
1344 2638 -397
4843 2745 -397
2009 1046 -398
4062 4985 -398
75 3215 -398
1891 2312 -398
3971 1924 -399
3721 359 -399
507 1360 -399
4932 3537 -399
1852 3646 -399
4782 1238 -399
2093 2143 -400
299 4931 -401
3492 606 -401
179 4350 -402
4491 3561 -402
737 4053 -402
1721 576 -402
1949 658 -403
2742 3681 -403
58 4409 -403
119 4166 -403
2344 4978 -403
2633 4049 -403
4797 448 -404
1014 4213 -404
719 2903 -404
2170 2229 -404
2581 981 -405
3549 3685 -405
4686 4377 -405
2720 291 -406
952 352 -406
1435 1746 -406
2272 1171 -406
3091 1858 -406
4672 2625 -407
822 2616 -407
2100 4503 -407
1174 1885 -407
1637 4962 -407
1724 555 -408
4283 2746 -408
2240 1752 -408
4797 417 -408
107 3663 -408
682 3333 -408
509 3286 -408
1567 3220 -409
3274 4778 -409
2789 3564 -409
4183 4971 -409
498 2977 -410
4301 2353 -410
1310 3215 -410
3821 3475 -410
2053 1611 -410
4879 591 -411
2799 1125 -411
4068 4574 -412
4717 3017 -412
2695 56 -413
1360 1849 -413
2948 194 -413
872 485 -413
2564 3976 -413
3310 2811 -413
3236 2166 -414
1106 4794 -414
3220 1583 -415
3715 3829 -415
1441 2641 -415
202 1697 -415
4952 1773 -415
387 2481 -416
1761 1416 -416
2827 3642 -416
1072 2448 -416
3214 3170 -416
1833 4112 -416
4845 4356 -416
1706 2974 -417
2841 2783 -417
4544 3185 -417
4707 3462 -417
4419 1796 -417
3775 20 -417
4394 400 -417
819 3131 -418
3093 3421 -418
1627 242 -418
1960 2325 -418
3955 3956 -418
841 206 -418
4208 4175 -418
3094 2237 -419
1733 2753 -419
3209 4534 -419
1353 368 -420
4078 2552 -420
3587 2199 -420
425 3401 -420
486 4938 -420
2423 2010 -421
2910 4777 -421
477 53 -421
714 1074 -422
1539 4240 -422
2481 712 -422
3315 4264 -423
4299 1950 -423
2325 679 -423
797 799 -423
4869 2390 -423
564 203 -423
1646 4323 -424
636 2858 -424
1777 284 -424
2261 4874 -424
809 856 -424
4366 2953 -424
2224 3188 -424
4888 1975 -424
4129 552 -425
2207 4606 -426
717 489 -426
559 1551 -426
4476 2907 -426
3308 2658 -427
1214 3791 -428
151 1319 -428
4485 4667 -429
2163 2359 -429
2252 1801 -429
972 152 -430
1749 3959 -430
2872 4018 -430
2244 4690 -431
2103 2033 -431
2692 3221 -431
463 1224 -431
3713 1614 -431
4788 2090 -431
1370 3434 -431
4363 2549 -431
3861 4667 -432
618 4357 -432
4034 4048 -432
4431 4008 -432
353 3266 -432
4736 3801 -433
1283 3475 -433
3681 2071 -433
3641 450 -433
605 2104 -433
3891 1981 -433
622 1738 -433
2930 4239 -433
3753 2860 -434
3131 950 -434
3884 2318 -434
1520 1086 -434
219 1355 -434
3500 2228 -435
3891 2744 -435
3233 1092 -435
4421 3189 -436
829 1430 -436
708 45 -436
1147 3093 -436
4246 430 -437
12 1968 -437
4775 4721 -437
1715 1105 -437
2700 4468 -438
3297 4255 -438
2706 1327 -438
1737 1121 -438
1212 555 -438
4982 3978 -438
1479 4050 -439
1940 1202 -439
4513 2472 -439
650 4185 -440
506 4551 -440
2437 2782 -441
3767 4689 -441
4436 3751 -441
1067 2919 -441
3966 2556 -441
1328 2474 -441
4620 3784 -441
1478 1150 -441
2385 1355 -441
2449 2076 -441
4759 860 -441
821 1180 -442
4054 2802 -442
4316 4627 -442
752 2525 -442
2315 375 -442
4118 4498 -443
1771 955 -443
4850 4108 -444
699 1861 -444
4314 4357 -444
1177 1260 -444
4561 3731 -445
4389 180 -445
2598 1238 -445
2959 701 -445
3643 2261 -445
979 1942 -445
2609 166 -445
4189 3241 -445
3246 3966 -446
4658 2911 -446
237 1020 -446
1440 1347 -447
3191 2108 -447
178 2254 -447
3296 4489 -447
98 1165 -447
3292 4324 -447
3053 2838 -447
3822 4063 -447
2139 4894 -448
3003 4919 -448
1829 1090 -449
2066 1121 -449
4720 4670 -449
4891 2490 -449
4622 404 -450
3540 3745 -450
3236 1561 -450
1566 4743 -450
3322 2305 -450
187 3537 -450
2590 4134 -451
3322 4371 -451
706 4284 -451
2184 4840 -451
4375 4684 -451
2745 807 -452
2299 3255 -452
4514 3529 -452
2992 4681 -453
720 4449 -453
1244 4056 -453
3162 4803 -453
2249 4374 -453
316 4150 -453
712 513 -454
11 735 -454
1294 161 -455
4060 746 -455
609 502 -455
2274 1336 -455
1519 912 -456
1652 3099 -456
1384 3027 -456
1841 4473 -456
4142 1373 -456
2608 4031 -457
434 1781 -457
1430 3509 -457
3394 4675 -457
4536 1875 -457
3532 1355 -457
714 3736 -457
189 1329 -457
3807 518 -457
2670 695 -458
1876 43 -458
3597 1217 -458
3523 4189 -458
2512 240 -458
1309 448 -458
3378 3045 -459
4570 1122 -459
2456 3057 -459
752 1863 -460
2467 2296 -460
3217 2717 -460
1881 1607 -460
3220 2894 -460
1562 4286 -460
1219 3472 -460
2673 3149 -460
4966 3885 -460
2546 3989 -461
381 3 -461
929 1375 -461
1137 2978 -461
634 3344 -462
77 4848 -462
1006 4695 -463
1332 398 -463
2723 3300 -463
4075 1627 -463
2694 1709 -463
4591 4421 -463
3749 1819 -464
2039 3384 -464
1753 4547 -464
4654 418 -464
3319 106 -464
3235 2667 -465
1357 4238 -465
1878 4973 -465
1249 2464 -466
3851 3035 -466
1348 3550 -466
563 3353 -467
3526 2984 -468
173 1800 -468
812 418 -468
1012 1914 -468
3760 4648 -468
1870 3446 -469
1266 2373 -469
921 1913 -469
1497 3556 -469
3522 456 -469
2682 3372 -470
4506 3179 -470
1096 3083 -470
4556 1211 -471
1104 3177 -471
1590 3379 -471
4602 1356 -471
162 4453 -471
4994 4903 -471
2887 4837 -472
4181 697 -472
3399 4797 -472
936 1395 -473
2544 2150 -473
3822 3807 -473
2605 3167 -473
3491 821 -474
4276 4845 -474
994 984 -474
645 1848 -474
3782 2580 -474
359 119 -474
1888 4536 -474
4536 878 -474
95 3042 -475
3907 1100 -475
2588 4766 -476
1448 706 -477
4221 901 -477
1994 3311 -477
116 3068 -477
4597 2813 -477
3126 231 -477
3126 2267 -477
2487 1056 -477
41 2682 -477
165 1079 -478
3816 2773 -478
2854 3042 -478
799 2075 -478
858 3851 -479
1431 3074 -479
1440 4143 -479
1983 2247 -479
3961 129 -480
3331 2028 -480
231 2284 -480
332 4710 -480
613 2278 -480
1108 1366 -480
3270 4240 -481
3247 2650 -481
1090 2306 -481
4545 469 -482
2338 2442 -482
2386 4255 -482
4885 2170 -482
269 4633 -483
91 1783 -483
3535 1405 -483
816 4019 -483
4080 476 -483
2668 1501 -484
188 2816 -484
1469 1378 -484
4835 2138 -484
3756 1220 -484
1701 3589 -484
1225 2719 -484
3656 2678 -485
870 1048 -485
4972 2295 -485
1925 1237 -485
4210 2319 -485
2644 381 -486
1301 4786 -486
825 4430 -486
1700 4478 -486
364 3569 -486
2780 3504 -486
2926 4908 -487
2006 1386 -487
3459 254 -487
1880 911 -487
3588 2043 -488
620 3960 -488
4896 782 -488
635 4118 -488
3447 3265 -489
2928 2599 -490
3901 4241 -490
3597 1102 -490
300 325 -490
1822 1443 -491
3684 4374 -491
1094 2730 -491
3867 1119 -491
4529 4736 -491
2927 556 -492
1321 3980 -494
3402 2722 -494
2937 284 -494
4695 2173 -494
2181 1878 -494
1242 4748 -494
704 887 -495
1647 116 -495
3568 3927 -495
2098 3441 -496
1087 1462 -496
949 1011 -497
303 3726 -497
340 4170 -497
1736 3638 -497
47 3228 -497
4045 4694 -497
1282 3495 -497
4672 1652 -497
4800 2898 -497
4697 118 -498
1770 4538 -498
3591 699 -498
834 3475 -498
1877 685 -499
3191 130 -499
748 3971 -499
2999 2333 -499
3502 4330 -499
3615 4484 -499
274 3874 -499
2313 4105 -500
2835 2941 -500
2493 1539 -500
112 2847 -500
1904 2028 -500
1460 1327 -501
747 689 -501
2069 4999 -501
734 39 -501
2690 219 -501
4629 2534 -501
3275 2463 -501
1480 772 -502
1012 1315 -502
238 2528 -502
1878 2025 -502
241 1537 -503
3775 3071 -503
2865 3348 -503
3058 812 -503
2403 777 -504
3237 65 -504
4211 1206 -504
2598 81 -504
4298 2413 -505
1066 1877 -505
4325 2191 -505
537 1880 -505
1874 2048 -505
4754 1241 -506
3185 206 -506
3830 2645 -506
1279 2449 -506
4896 996 -506
2128 1189 -506
1908 3339 -507
1036 1207 -507
2552 3127 -507
4855 4883 -507
4580 4544 -508
226 4298 -508
2677 2719 -508
4680 4555 -508
3665 508 -508
4911 2381 -508
1623 3307 -508
4664 1808 -509
4628 1033 -509
267 968 -509
2401 2217 -509
4812 2312 -510
2836 2569 -510
3677 4267 -510
852 1249 -511
357 1169 -511
3899 3679 -511
798 4945 -511
1248 3183 -512
2980 1873 -512
778 4940 -512
394 4797 -513
4116 1505 -513
344 3263 -514
3506 3761 -514
1144 3159 -515
3076 4854 -515
1063 3398 -515
2752 4533 -516
2896 3777 -516
3970 1107 -516
4008 3490 -516
708 278 -517
4714 1324 -517
2854 3305 -517
109 2944 -517
3443 99 -517
3876 4331 -518
492 2978 -518
4820 3825 -518
3974 2306 -519
1987 1342 -519
2460 2120 -519
2404 3364 -520
3750 4357 -520
2292 3535 -520
42 2329 -520
186 3655 -521
4617 4863 -521
4489 561 -521
1223 3373 -521
2841 1145 -521
1199 2118 -522
1342 877 -522
4075 1467 -523
3023 1567 -524
1167 1694 -524
4611 2987 -524
962 2779 -524
3990 4357 -525
904 1856 -525
2154 2788 -526
4576 2840 -526
512 2438 -526
4686 402 -527
531 4551 -527
1281 1031 -527
482 4393 -527
3542 619 -527
2222 1672 -527
901 2011 -527
1779 3895 -528
75 4339 -528
3588 3722 -528
557 3636 -529
1008 185 -530
2565 840 -530
1037 3523 -531
790 396 -531
1775 3630 -531
4053 1850 -532
1118 1687 -532
982 4425 -532
835 1162 -532
557 465 -532
3977 4954 -532
2810 813 -533
4921 727 -533
4280 2315 -534
2565 2521 -534
1911 2342 -534
2160 3311 -534
1400 3073 -534
1061 3847 -534
1502 4326 -534
643 177 -535
34 1884 -535
974 2063 -535
2388 199 -535
3281 2020 -535
281 1300 -536
4935 768 -536
4672 3756 -537
545 4276 -537
4918 344 -537
3355 193 -538
4342 836 -538
4980 507 -538
2391 1963 -538
3269 4553 -538
64 2006 -539
4513 4501 -539
3403 3220 -539
3277 1776 -540
1415 677 -540
1985 881 -540
3586 1282 -540
3748 4719 -540
536 2979 -541
1606 4237 -542
2390 3216 -542
4172 3724 -542
3046 2174 -542
267 4368 -542
2776 2843 -543
1114 1910 -543
1058 4109 -543
4664 2831 -544
2552 3399 -544
1606 2234 -544
4062 1493 -544
2416 4116 -544
3530 1916 -544
3072 962 -544
2727 4511 -545
4117 1735 -545
3569 1401 -545
292 634 -545
1521 3917 -545
3313 1994 -545
1840 1919 -545
4245 742 -545
2495 3124 -546
3647 4861 -547
927 374 -547
44 736 -547
1601 1528 -547
1640 213 -547
4877 1085 -547
1039 348 -547
4004 2737 -547
2618 4424 -548
976 4405 -548
449 1537 -548
3880 4738 -548
1000 1925 -548
2052 776 -549
3033 4990 -549
2465 1233 -549
1884 775 -549
580 3906 -549
1994 359 -550
3024 4738 -550
2241 1831 -550
3892 1398 -550
1433 3603 -550
2419 4318 -550
1284 4217 -551
1031 4284 -551
3373 1302 -551
1823 892 -551
868 1257 -551
2803 90 -552
2837 3301 -552
2355 1912 -552
1484 2691 -552
15 1579 -552
2405 3423 -552
1723 1668 -553
4996 3937 -553
471 1880 -553
1171 2307 -553
2045 941 -553
2933 863 -554
4689 1819 -554
3047 1124 -554
4033 3588 -554
2273 1552 -555
835 265 -555
2895 7 -555
240 2517 -556
4150 3077 -556
955 1993 -556
1006 2652 -556
2030 4240 -556
2048 4077 -556
3913 2613 -557
1563 384 -557
1984 4743 -557
435 385 -557
169 3218 -557
394 2631 -557
4904 4553 -558
254 679 -558
465 3294 -558
455 3288 -558
355 1527 -558
4627 790 -558
151 2962 -559
2349 1048 -560
3991 491 -560
1576 4970 -560
1148 3208 -560
2729 384 -560
3857 2662 -560
1157 4654 -561
1183 851 -561
4303 967 -561
178 3032 -561
2947 2564 -562
4638 712 -562
999 2874 -563
3714 1455 -563
130 3147 -563
617 758 -563
2108 5 -563
650 1518 -563
1307 3207 -564
4735 3408 -564
2471 2798 -565
2624 4642 -565
1435 4516 -565
117 279 -565
1939 1913 -565
2555 547 -565
1822 4469 -565
179 1148 -566
2410 3560 -566
3004 4683 -566
4481 270 -566
144 187 -566
714 4277 -567
4021 3106 -567
2732 2307 -567
219 917 -567
298 859 -568
3224 1882 -568
4436 1042 -568
329 2641 -568
1444 1029 -568
3011 51 -569
1024 3940 -569
2480 510 -569
777 1637 -569
4168 2659 -569
1522 4840 -569
4308 617 -569
2935 1172 -570
4698 3977 -570
1533 3135 -570
3648 3061 -570
271 4125 -570
3694 3143 -570
2855 4654 -571
2161 3435 -571
2316 284 -571
1908 3784 -571
3368 2535 -571
3886 3794 -572
2806 3411 -573
4459 3996 -573
4474 4614 -573
1215 4582 -573
2276 336 -573
1511 4666 -573
736 3099 -573
2235 4762 -574
1666 1904 -574
2683 2623 -574
3086 3500 -574
79 3298 -574
1867 4298 -574
3605 495 -575
1183 627 -575
1342 4668 -575
4930 3820 -575
2003 1987 -576
4399 4752 -576
2545 4715 -576
652 2223 -576
2952 2125 -576
4129 4097 -577
3485 777 -577
4779 417 -577
3973 912 -577
3591 1979 -577
584 1169 -577
2998 4249 -578
4947 3245 -578
4290 1067 -578
1038 2726 -578
4262 1179 -579
2075 4644 -579
620 4593 -580
3575 662 -580
3314 999 -580
4804 1444 -580
3674 2371 -580
973 2432 -580
734 879 -581
4694 3447 -581
1442 2701 -581
4331 3130 -581
4657 3087 -581
2275 593 -581
3505 4624 -581
4461 2274 -581
4455 3966 -581
2218 4599 -581
4581 2076 -582
4049 2345 -582
3593 4012 -582
1778 4027 -583
1112 1095 -583
543 626 -583
394 1849 -584
3737 3037 -584
4544 346 -584
1311 351 -584
3634 266 -584
3770 105 -584
159 2456 -584
825 1362 -584
4619 4382 -585
2148 1054 -585
4293 1708 -585
4048 2673 -585
4241 4050 -585
1595 4054 -586
3710 3263 -586
4770 4702 -586
3658 1220 -586
4468 927 -587
4640 2685 -587
528 4078 -587
2213 312 -587
2341 755 -588
4494 1878 -588
1282 1387 -588
243 4401 -588
617 2450 -588
4944 1895 -588
2738 4336 -588
4125 415 -589
3001 79 -589
1209 196 -589
3795 1263 -589
4021 4782 -589
1683 2702 -590
316 4721 -590
3039 2060 -590
3588 2503 -591
4136 2682 -591
882 949 -591
2176 1676 -592
3174 1331 -592
4653 4474 -592
4348 498 -592
1467 4121 -593
474 3419 -593
2032 1349 -593
3568 2621 -593
3312 526 -593
390 227 -593
3180 436 -594
2702 60 -594
2062 1260 -594
4546 4851 -594
3887 4954 -594
3785 992 -594
99 2436 -595
1803 2576 -595
1798 2960 -595
2497 1202 -595
1728 3773 -595
1570 2707 -595
2907 4895 -595
3114 4665 -595
849 1233 -596
1716 4714 -596
2564 919 -596
3231 525 -596
3994 1579 -597
3399 802 -597
4860 796 -597
27 2011 -597
974 3746 -597
1678 4775 -597
925 4784 -597
2117 2581 -598
4518 2439 -598
1991 160 -598
1060 4138 -598
4673 396 -599
509 2875 -599
124 786 -599
2182 3762 -599
725 2796 -599
1796 1068 -600
4066 4889 -600
835 1441 -600
1578 238 -601
1056 2860 -601
517 2556 -601
427 1930 -601
4406 3844 -601
1999 3235 -601
3126 4356 -601
543 2657 -602
4615 1247 -602
2514 1722 -602
3024 3647 -602
1100 4751 -602
4058 512 -602
3704 4880 -602
1411 2953 -603
4238 2272 -604
411 4335 -604
1127 4244 -605
1863 3538 -605
4926 2562 -605
1595 2237 -605
2575 242 -606
1042 1196 -606
3499 381 -606
4286 3924 -606
2292 511 -606
3844 280 -606
2084 3874 -607
3714 210 -607
1973 1778 -608
2468 2541 -608
4652 44 -608
547 1632 -608
3760 3496 -608
4969 3499 -608
2835 2387 -609
192 682 -609
3826 4948 -609
1311 1464 -609
351 2316 -610
2755 3122 -610
3557 1302 -610
630 3831 -610
1982 4436 -610
2554 1599 -610
2557 3901 -610
4470 4387 -610
4171 4613 -610
1408 4046 -611
3640 2030 -611
179 4402 -611
3713 3229 -611
668 3426 -611
3113 2696 -611
3579 4306 -612
4298 4415 -612
4346 4913 -612
3545 2937 -612
1807 3212 -613
670 4239 -613
1100 653 -613
4924 2179 -613
1531 4164 -614
4917 3142 -614
3499 3103 -614
163 4336 -614
842 3024 -615
3283 43 -615
4200 3171 -615
1150 4752 -615
4349 4528 -615
727 1113 -615
677 1355 -615
23 1308 -616
49 3299 -616
3823 2118 -616
4 3818 -616
3564 4227 -616
1049 1536 -616
3969 1982 -616
4585 3026 -617
1019 723 -617
560 2657 -617
3742 1280 -617
3712 760 -617
984 191 -617
1240 584 -618
3033 2980 -618
464 1801 -618
1539 1722 -618
2569 376 -618
4362 447 -618
4026 1754 -618
3303 4934 -619
2024 4021 -619
1879 4535 -619
1891 4 -620
4179 418 -620
2812 3612 -620
3299 2669 -620
4294 4432 -621
1475 4013 -621
3699 4401 -621
457 4951 -621
3404 445 -622
3593 3717 -623
2777 4334 -623
2712 1815 -623
1950 2904 -624
1156 1978 -624
4981 1171 -624
4956 1268 -624
1235 291 -624
2475 2771 -625
4642 4836 -625
356 1172 -626
3390 480 -626
3803 3771 -626
4234 4913 -626
2909 1867 -626
2345 490 -626
3331 3658 -626
568 1824 -627
1671 280 -627
4534 434 -627
2286 4645 -628
4916 1111 -628
3835 3109 -628
3421 2063 -628
376 543 -628
2235 1393 -629
3931 1281 -629
437 4448 -629
2799 901 -630
720 4437 -630
2700 2496 -630
420 755 -630
2872 4566 -631
2788 1111 -631
285 2963 -631
4329 783 -631
3293 4924 -631
273 3516 -632
4957 2356 -632
4927 168 -632
3612 3707 -632
3126 3843 -632
1318 1607 -632
2568 3502 -632
194 4301 -632
4948 4888 -632
3118 3076 -632
231 1416 -632
3477 2907 -633
2819 3325 -633
3531 2700 -633
2354 4034 -633
3673 2103 -633
3943 4119 -633
4654 4271 -634
2058 2849 -634
2620 2812 -634
3375 1188 -635
973 4104 -635
2077 599 -635
3916 729 -635
875 1330 -635
4635 2125 -636
4949 280 -636
721 3137 -637
2786 4226 -637
3516 685 -637
2078 3317 -637
1559 2294 -637
4672 2899 -637
4214 2744 -637
4483 907 -637
2107 1973 -638
2835 1008 -638
686 4806 -638
4271 2880 -638
1104 3771 -639
2456 367 -639
3062 3915 -639
3087 2399 -639
3433 4672 -639
3625 869 -639
1392 3811 -639
4660 2623 -639
4393 1888 -640
2701 4795 -640
1019 4218 -640
4133 324 -640
4928 4376 -640
3681 1913 -641
2002 2859 -641
2095 148 -641
2387 599 -642
637 2526 -642
3620 1084 -642
729 1512 -642
35 765 -642
1177 2188 -642
2540 3278 -642
2254 4514 -642
900 2883 -642
1027 2716 -643
1495 2536 -643
1340 2836 -643
3194 4844 -643
4765 4917 -643
1943 1243 -644
1800 1717 -644
1227 337 -645
4400 4866 -645
4820 2590 -645
4914 4620 -646
1716 1391 -646
891 608 -646
1182 411 -646
939 427 -647
4194 3080 -647
4140 3268 -647
596 1978 -647
127 4913 -647
3375 3955 -647
3867 4023 -647
1292 2579 -648
4544 3749 -648
4215 2550 -648
4976 2269 -649
2279 294 -649
4441 3971 -650
4072 729 -650
3164 1502 -650
749 3773 -651
1822 2331 -651
2765 2285 -651
3737 2298 -651
1964 2495 -651
4645 45 -651
3877 3581 -651
4784 4314 -651
3069 3572 -652
673 4358 -652
3074 1020 -652
1541 4010 -652
1815 178 -653
2120 4015 -653
1482 4446 -653
4186 3742 -653
3289 406 -653
3834 2776 -653
3627 1907 -654
4591 2198 -654
1793 3463 -654
2395 1431 -654
3819 1378 -654
72 1759 -655
4596 1505 -655
474 2227 -655
2707 3065 -656
3364 566 -656
618 4919 -656
1993 2683 -658
1588 200 -658
1980 4907 -658
2347 3642 -658
62 769 -659
1492 89 -659
4913 4947 -659
4145 495 -659
361 501 -659
436 736 -659
2722 3683 -659
2178 167 -660
1952 567 -660
1091 4777 -660
4252 51 -660
1251 4753 -660
1852 1156 -661
1571 4239 -661
3248 893 -661
3515 2469 -661
95 1918 -661
812 1743 -661
3862 2022 -661
3474 2183 -661
2273 2867 -662
4569 319 -662
1386 4405 -662
4064 1846 -662
615 4790 -662
3963 4861 -663
4811 951 -663
1318 2060 -664
3942 3855 -664
2076 811 -664
870 828 -665
1640 3265 -665
2808 1297 -665
4060 4907 -665
2283 689 -665
1543 3899 -665
191 1518 -666
1888 1223 -666
532 3426 -666
3146 3540 -666
1750 4464 -666
4479 3583 -666
507 1290 -666
2153 3761 -666
2242 1561 -667
3308 1564 -668
3105 1060 -669
564 4564 -669
1885 1944 -669
1309 4654 -669
2065 1974 -669
3089 3514 -669
3848 3472 -670
1741 1500 -671
3164 2247 -671
3549 571 -671
4949 598 -671
3211 4649 -671
3801 3288 -671
4666 2299 -671
1514 2351 -672
4167 3849 -672
4360 2657 -673
389 4449 -673
2321 206 -673
2317 800 -673
2680 4456 -673
4591 659 -673
2562 4945 -674
3107 2582 -674
4649 3343 -674
1632 4897 -674
1811 4727 -674
2679 2270 -675
442 4664 -675
1804 2732 -675
3680 3760 -676
3818 424 -676
380 4888 -676
4289 137 -676
2351 98 -676
3855 4160 -676
2049 555 -676
4337 3046 -677
4507 2868 -678
281 2775 -678
2896 189 -678
3259 4035 -679
4198 410 -679
4314 2055 -679
3303 2998 -679
3163 1829 -679
3480 612 -680
1748 3368 -680
325 2357 -680
1732 4576 -680
552 3287 -680
1776 4433 -680
379 4851 -680
1944 2146 -680
4481 2112 -681
83 401 -681
1816 1631 -681
1546 1981 -681
3969 3451 -682
202 514 -682
3918 4321 -682
3352 4327 -682
4009 3270 -682
4801 3700 -682
1171 996 -682
3573 2073 -683
2359 1271 -683
4996 3384 -683
1266 3680 -683
2459 3966 -683
88 2342 -683
1529 1943 -684
1349 416 -684
4560 2741 -684
1222 1587 -684
2402 3266 -684
308 3547 -684
4997 1707 -684
1107 4766 -685
1497 372 -685
1967 1013 -685
3131 689 -685
474 475 -685
4884 890 -686
4911 3068 -686
35 4931 -686
924 1695 -686
539 1568 -686
3426 23 -686
3371 3268 -686
1824 578 -686
994 802 -686
586 1950 -687
4049 2097 -687
1266 3721 -687
1288 2384 -688
1812 2092 -688
140 3212 -688
4604 4965 -688
3728 281 -689
3777 574 -689
2727 280 -689
2377 1722 -689
158 3401 -690
1422 2879 -690
3861 288 -690
3361 4309 -690
1500 1321 -690
127 4751 -691
2266 1599 -691
3011 703 -691
1589 597 -691
263 3505 -691
1155 4068 -691
3529 2239 -692
1541 2945 -692
4300 4818 -692
525 518 -693
2813 226 -693
3960 3567 -693
3668 4911 -693
503 4052 -694
3697 816 -694
2122 65 -694
3759 2824 -694
2735 3369 -694
90 3758 -694
4110 962 -695
4774 4125 -695
2782 3566 -695
1329 2745 -695
3750 4117 -695
1047 2739 -696
3307 4904 -696
4251 1653 -696
350 3874 -697
4367 4133 -698
1595 1291 -698
3014 4585 -699
3597 1935 -699
2093 1509 -699
4356 487 -699
1872 4460 -699
150 2108 -700
3774 215 -700
1034 2463 -700
4346 1658 -700
4443 4867 -700
4851 2583 -701
1614 2927 -701
3781 4971 -701
4990 4808 -702
2508 4022 -703
696 3316 -703
4542 488 -704
2836 2918 -704
2873 4397 -704
3610 3138 -704
2154 2445 -704
2044 3179 -704
3704 4465 -705
2462 697 -705
758 4411 -706
1844 4297 -706
2133 4990 -706
370 4244 -706
2870 1219 -706
3613 2413 -706
1717 3536 -706
4920 4833 -706
908 1165 -707
3293 2319 -707
10 2116 -707
1418 2499 -707
862 1415 -707
2257 1876 -708
3467 198 -708
861 2674 -708
4629 3615 -708
2172 2484 -709
1263 2627 -709
4052 4153 -709
1077 26 -709
2659 1420 -710
1819 1393 -710
3514 3844 -710
3145 2750 -711
2727 2428 -711
604 1385 -711
4088 4736 -712
536 4730 -712
3086 1139 -712
864 3966 -712
3435 3141 -712
3492 4455 -712
1006 4693 -713
4481 49 -713
1165 693 -713
4817 2515 -713
3981 1838 -713
3850 2858 -713
4743 1593 -713
2654 2561 -713
4843 132 -714
1455 2265 -714
2918 952 -714
2592 2645 -715
1611 1434 -715
224 4598 -715
2263 4163 -715
151 2849 -715
4540 1446 -716
1057 2461 -716
4147 1970 -716
3152 2349 -716
4170 2354 -717
2149 1272 -717
687 2609 -717
2938 4602 -717
1248 4732 -717
692 2760 -718
4776 3735 -718
3200 3009 -719
2737 3422 -719
2554 1036 -719
454 3647 -719
1136 1281 -719
4224 2240 -719
2032 618 -720
2707 1893 -720
982 4365 -720
4765 3467 -720
1414 4720 -720
2238 4315 -720
1331 4160 -721
1726 1561 -721
3466 2447 -721
1458 3551 -721
4549 334 -721
1388 3481 -721
1538 4975 -721
2342 2382 -722
3990 4887 -722
3345 1249 -723
3929 3489 -723
1967 2592 -723
2565 526 -723
1123 2208 -723
4690 4267 -723
3714 270 -723
487 4919 -724
3411 20 -724
2891 4678 -724
3580 369 -725
3746 1794 -725
4359 1167 -725
1247 1535 -725
3340 1583 -725
2097 4893 -725
2668 977 -725
2389 1175 -726
3457 3225 -726
3308 2925 -726
1464 3959 -726
2690 1455 -726
1828 3542 -726
3092 4315 -727
596 1227 -727
1300 381 -727
1635 1085 -727
4896 1426 -727
1409 3087 -728
1291 2390 -728
3091 3063 -728
3379 2150 -728
2499 3729 -728
2320 789 -729
3365 2489 -729
2502 706 -729
4457 628 -730
4987 1713 -730
1807 3485 -730
1340 203 -730
308 1792 -730
4824 2441 -730
4991 904 -730
1535 597 -730
2428 1736 -731
2069 1848 -731
4416 3424 -731
3612 2025 -732
84 1881 -732
1674 3977 -732
2316 2366 -732
4555 3456 -732
3121 2736 -732
4921 4496 -732
4803 4012 -733
3425 283 -733
3886 495 -733
2209 3722 -734
4960 4066 -734
2489 1631 -734
1056 2798 -735
2905 2837 -735
143 2842 -735
4531 4276 -735
559 1827 -735
3133 4874 -736
154 3001 -736
4202 4325 -736
2494 1678 -736
4343 1562 -736
3168 1553 -737
2999 987 -737
4943 3596 -737
2656 821 -737
2662 4742 -738
3481 721 -738
3263 3973 -739
651 3643 -739
1424 4279 -739
4609 1542 -739
2759 1320 -739
2103 1012 -739
863 1846 -740
1060 3681 -740
940 924 -740
925 111 -740
3788 3222 -740
1100 1589 -740
1532 4080 -741
3071 10 -741
4025 1321 -741
3365 2739 -741
1080 4299 -742
1774 1633 -742
4443 2201 -743
3989 4505 -743
2321 1911 -743
3675 720 -743
3020 3831 -743
2548 752 -743
4022 1797 -744
3402 2859 -744
1296 2582 -744
116 1933 -745
228 4480 -745
574 3134 -745
4889 4963 -746
4320 729 -746
973 633 -746
4286 922 -746
3584 76 -746
2498 4880 -746
3613 3032 -746
3863 2684 -746
2589 4604 -747
2814 4728 -747
3745 4018 -747
4787 4803 -747
1935 0 -747
1413 59 -747
1799 189 -748
2777 4437 -748
3339 4664 -748
730 484 -748
1252 4893 -748
3244 1078 -748
4869 4362 -749
2261 645 -749
2261 3294 -749
3905 1521 -749
3075 3731 -749
3777 3576 -749
3242 3668 -749
2290 4243 -749
2918 645 -750
2611 101 -750
2949 2859 -750
3573 2654 -750
130 650 -751
3723 4327 -751
2431 4383 -751
4284 2705 -751
3665 2698 -751
4557 4206 -751
509 642 -752
2417 3249 -752
3355 4778 -752
3356 3852 -752
1377 2912 -752
2591 3057 -752
4395 1955 -752
3358 1644 -753
1368 2772 -753
2781 4433 -753
4663 1454 -753
1839 1559 -753
141 3867 -753
3578 1631 -754
2765 754 -754
2420 333 -754
201 2242 -754
4321 3478 -754
159 1706 -754
4648 4243 -754
1582 2332 -754
2096 2229 -755
3957 3890 -756
879 346 -756
799 3017 -756
3686 1073 -756
1038 3180 -757
658 2444 -757
1438 3925 -757
3975 1693 -757
2191 4075 -757
1564 2335 -757
1264 2874 -757
3378 2024 -758
3262 4851 -759
3953 4789 -759
3655 164 -759
131 4996 -759
1704 435 -759
4836 4866 -759
1063 1047 -759
2062 2871 -760
1703 1657 -760
4484 4462 -760
2046 19 -760
1764 1358 -760
4098 1333 -760
1789 3069 -761
545 2939 -761
895 3695 -761
110 1562 -761
1849 4939 -761
3270 2437 -762
1097 316 -762
3816 2085 -762
4471 4935 -762
4189 871 -762
1321 3731 -762
3644 4295 -763
508 2124 -763
1946 1809 -763
2354 316 -763
4724 1828 -763
3931 581 -763
3433 2792 -763
2356 3309 -763
535 324 -764
3962 1948 -764
1106 2220 -764
3716 2395 -764
3595 2258 -764
885 2406 -764
4643 730 -765
2102 438 -765
3934 3564 -765
1257 4872 -765
640 588 -765
4175 2785 -765
3845 4821 -765
3874 1239 -766
2641 1141 -766
658 3930 -767
4218 1548 -767
4739 3751 -767
3262 2751 -767
4892 1113 -767
173 3501 -767
3835 1524 -767
1942 1675 -769
2195 3211 -769
1820 1143 -769
2588 3325 -769
1781 505 -769
4686 4834 -770
2962 424 -770
1768 4956 -770
2893 526 -771
3257 1273 -772
4961 2129 -772
482 3662 -772
2396 3511 -772
372 2716 -772
940 2418 -773
3314 2010 -773
1540 2487 -773
2279 4410 -774
4033 531 -774
2585 664 -774
1288 1087 -774
3712 3791 -774
920 1205 -775
1289 2808 -775
3125 2171 -775
3351 4351 -776
2652 899 -776
3017 1741 -776
3090 4537 -776
2591 410 -777
1942 3341 -777
149 3381 -777
2468 3673 -777
3274 1069 -777
573 3072 -777
1393 2816 -777
2160 2937 -777
1429 4544 -777
1777 3586 -778
917 530 -778
4800 2737 -778
834 3099 -778
1052 2229 -779
2711 3246 -779
270 4570 -779
3197 368 -780
2386 266 -780
3088 4970 -780
1575 265 -780
337 2350 -780
3808 107 -780
1392 2631 -781
4230 2108 -781
4181 4265 -781
3808 4446 -781
4509 4717 -781
2963 3694 -781
2991 3346 -781
4527 2919 -782
3947 771 -783
1942 1657 -783
2643 3162 -783
3014 3578 -784
3867 3287 -784
4740 2209 -784
911 1188 -784
4224 207 -784
386 3191 -784
1343 3752 -784
3825 3534 -785
3365 3094 -785
2422 3132 -785
1015 2618 -785
4736 4928 -786
2207 2895 -786
1002 2326 -786
3106 4885 -786
385 4549 -786
3474 4963 -786
3667 3692 -786
776 2105 -787
2911 1243 -787
2949 3232 -787
3016 4231 -788
4438 3027 -789
988 4222 -789
267 2107 -789
1602 3986 -789
583 1185 -789
4140 369 -790
4398 932 -790
4182 3216 -791
244 3388 -791
2002 129 -791
4301 526 -791
4069 4006 -792
1241 4986 -792
1038 1136 -792
1773 215 -792
1934 422 -792
4736 595 -793
415 1494 -793
1301 4523 -793
4496 4608 -793
4185 780 -793
4577 3607 -794
3502 3207 -794
3818 4209 -794
3718 1275 -794
349 1570 -795
4916 466 -795
4332 3444 -795
956 3389 -796
465 1712 -796
153 4325 -796
689 3212 -796
1964 1019 -796
2568 4504 -796
4540 3 -796
2717 4751 -797
2104 4305 -797
2464 2602 -798
1661 2176 -798
1090 2680 -798
2241 2304 -798
3839 4542 -798
1229 2976 -798
144 2256 -799
4367 518 -799
1560 2501 -799
168 4976 -800
305 3191 -800
1070 518 -800
3320 422 -800
3981 1052 -800
3085 3073 -801
208 3137 -801
352 1511 -801
1925 1091 -801
443 427 -802
2825 3699 -802
2337 4861 -802
4499 3825 -802
4486 1921 -803
3545 1362 -803
4834 514 -803
3764 65 -803
2623 2147 -803
105 1658 -804
795 3436 -804
2473 2980 -805
2269 1367 -805
2838 3984 -805
1198 3943 -805
2131 3656 -806
1962 2598 -806
4355 2160 -807
4459 4358 -808
849 4629 -808
1701 264 -808
4930 2173 -809
3367 1948 -809
1935 2325 -809
2128 1764 -809
4126 157 -809
2134 928 -809
67 2641 -810
444 3715 -810
80 4010 -810
1957 4634 -810
2698 3977 -811
3951 3248 -811
1427 1826 -811
3125 4741 -812
4237 3485 -812
1133 4392 -812
3040 1021 -812
817 4549 -813
2512 3003 -813
2871 4503 -813
14 4205 -813
967 3308 -813
4293 2647 -813
1942 1882 -813
45 4657 -813
3446 188 -814
933 1933 -814
2209 564 -814
3999 4501 -814
3928 3460 -814
4937 4533 -814
4254 2783 -815
758 1751 -815
3468 2336 -815
1886 2438 -816
1065 3855 -816
2695 1490 -816
2047 3243 -817
3116 4973 -817
4737 1763 -818
3608 4456 -818
4866 1697 -818
4834 4323 -818
2888 3561 -818
130 491 -819
2204 1969 -819
822 372 -819
4475 1499 -820
107 331 -820
3177 3941 -820
789 2192 -820
3563 2150 -820
252 3646 -820
451 3259 -820
2691 368 -820
3647 1878 -821
4116 3129 -821
62 1521 -821
117 4255 -821
631 2281 -821
2971 779 -822
3768 3604 -822
1397 3491 -822
1623 2176 -823
2873 1012 -823
2550 3149 -823
3234 1155 -823
4049 369 -824
1781 4508 -824
2672 3441 -824
4135 2787 -824
1478 3131 -824
380 668 -824
819 3106 -825
4798 272 -825
3265 1563 -825
1586 4002 -825
882 1783 -825
3510 652 -825
784 4507 -825
2332 4482 -825
1151 4735 -825
3760 3985 -826
1595 4530 -826
657 1433 -826
4768 4790 -826
3690 653 -826
3945 3663 -826
2829 1900 -827
3032 4383 -827
4793 3322 -827
2945 1726 -827
1818 205 -827
4984 998 -827
3803 2668 -827
1873 3759 -828
764 4384 -828
1189 13 -828
4337 2173 -828
4827 3855 -828
2517 3085 -828
300 2703 -828
198 4166 -829
3162 3664 -829
4507 1172 -829
726 2872 -829
1958 4157 -829
1190 1194 -829
4741 802 -829
2472 400 -830
2519 3557 -830
4242 4902 -830
1274 310 -831
1320 624 -831
3017 40 -831
279 4909 -832
80 600 -832
2952 1901 -832
4894 3121 -832
4246 1467 -832
3470 2189 -832
4337 3759 -832
4073 170 -832
318 2947 -833
2180 2460 -833
2699 729 -833
1356 224 -833
1686 684 -833
3046 4903 -833
273 3859 -833
2114 2342 -833
3702 1781 -834
2286 4973 -834
714 4560 -834
2869 169 -834
1362 1068 -835
304 3740 -835
2987 4902 -835
578 4320 -835
4093 1991 -835
3018 347 -836
4185 2017 -836
3451 2470 -836
93 4432 -836
2248 958 -836
4560 1724 -836
4641 2237 -837
2915 512 -837
1732 257 -837
644 3419 -837
3148 792 -837
3250 2451 -838
1847 3050 -838
972 1955 -838
2793 3518 -838
2403 4415 -839
2659 3478 -839
3549 2354 -840
452 1781 -840
1421 3610 -840
3153 3645 -840
1140 2526 -841
1884 3763 -841
2138 1768 -841
2404 4336 -841
1189 3233 -841
1235 3032 -842
1244 1662 -842
1222 1504 -842
4208 3679 -843
3859 2819 -843
1388 2702 -843
2420 4350 -843
2240 2051 -844
4143 4463 -844
4117 992 -844
4433 3234 -844
218 2204 -845
0 4999 -845
2547 4709 -845
2117 3793 -845
3492 3674 -845
940 4777 -846
4990 2488 -846
1267 1503 -846
1122 1238 -846
3467 1073 -846
447 232 -847
3248 2136 -847
3569 3389 -847
47 143 -847
1124 2616 -847
4671 886 -847
39 1779 -848
1216 2713 -848
4932 3488 -848
2778 1443 -848
4177 961 -848
2791 2154 -848
3526 2700 -848
576 2261 -849
2157 1658 -849
3441 2315 -849
4285 4589 -850
2662 3307 -850
1566 2408 -850
3247 174 -850
1218 2141 -850
4197 3773 -850
3162 1246 -851
4848 2719 -851
2608 4190 -851
1143 2342 -852
1943 4738 -852
780 2044 -853
2730 246 -853
4164 3669 -853
1627 1819 -853
4344 2317 -853
4174 2585 -853
4988 4147 -853
2563 3218 -853
3553 1527 -854
2273 4443 -854
2649 4353 -854
3108 423 -855
2672 2331 -855
3547 4544 -855
3411 546 -855
1474 865 -856
1356 2830 -856
2540 3804 -856
967 1285 -856
3703 4365 -856
1544 4656 -857
1319 3530 -857
2471 2822 -857
1050 615 -857
4301 3888 -858
507 3346 -858
4700 4321 -858
145 1079 -858
3672 2203 -858
4561 4181 -858
4331 76 -859
2307 4344 -859
3823 3442 -859
2286 4936 -860
2798 200 -860
369 4289 -860
4924 2971 -860
43 3137 -860
4934 1313 -861
199 221 -861
4904 4105 -861
1466 4490 -862
1814 4261 -862
2777 1676 -863
4993 1089 -863
322 3414 -863
2745 2022 -863
2256 2214 -863
4583 2740 -863
2185 2038 -863
2637 836 -864
783 2118 -864
4904 1536 -865
569 1264 -865
2429 4897 -866
1921 4932 -866
3603 3620 -866
3466 2098 -866
3019 159 -866
2229 3542 -866
1410 1855 -867
1956 1360 -867
3009 1100 -867
508 1576 -867
3852 2619 -868
1178 13 -868
664 1443 -868
4171 2097 -868
351 522 -869
4903 4066 -869
4712 2325 -869
3171 847 -869
4867 3770 -869
4202 484 -869
2360 1199 -870
4753 4975 -870
3659 2024 -870
3800 4748 -870
1928 1248 -870
1260 1368 -870
4451 3222 -870
4071 3039 -870
2723 3028 -871
871 4921 -871
2614 384 -871
4336 2497 -872
1061 4621 -872
977 4154 -872
2413 2073 -872
4202 1999 -873
1656 4818 -873
1296 2257 -873
4881 760 -873
4790 1814 -873
2321 1334 -873
3263 1936 -873
3695 1769 -874
4869 2477 -874
4067 203 -874
2879 863 -875
2009 4846 -875
3133 3775 -875
967 2181 -875
1971 4163 -876
4490 2127 -876
1247 3155 -876
4952 4903 -876
2005 4294 -876
2189 728 -877
1824 4446 -877
1048 371 -878
3477 2915 -878
1392 4119 -878
4894 3767 -878
4158 3825 -879
1668 2618 -879
4897 1117 -879
1672 1790 -879
1633 2529 -879
3516 2514 -879
4221 4826 -879
1955 94 -879
1589 1350 -880
3148 3863 -880
2605 2971 -880
1320 4456 -881
1053 4923 -881
4538 4586 -882
607 4629 -882
4301 4053 -882
4148 4158 -883
327 1529 -883
1458 2697 -883
1297 4415 -883
3546 827 -884
3545 1011 -884
2523 182 -884
1273 1443 -884
4609 2854 -884
4517 2575 -885
2402 4415 -886
2872 1694 -886
3266 3207 -886
830 2393 -886
3475 3399 -887
2649 4070 -887
759 560 -887
886 4949 -887
4148 1244 -887
1711 3072 -887
1898 964 -887
3384 2256 -888
3715 3487 -888
4820 1757 -888
4912 2042 -888
2209 1953 -889
2293 3594 -889
1597 1111 -889
324 1708 -889
4279 1917 -890
2530 1325 -890
2333 3738 -891
4261 853 -891
1159 3528 -891
1632 4015 -891
4419 1253 -891
3421 3187 -891
879 1287 -891
3344 4531 -891
973 210 -892
711 1382 -892
1463 2577 -892
3201 3809 -893
3217 1875 -893
4835 2219 -893
2396 4719 -893
4479 3265 -893
3721 4214 -894
4907 4465 -894
3409 2592 -894
781 1372 -894
2209 2584 -894
894 4952 -895
2901 3438 -895
3718 4104 -895
4616 338 -896
587 3247 -896
295 3129 -896
3440 1450 -896
4341 1535 -896
3526 3893 -896
3688 2621 -896
3213 4906 -896
828 4058 -897
2881 1459 -897
4658 2269 -897
270 4297 -898
369 3544 -898
3289 1787 -898
2969 2921 -898
4774 1330 -898
827 82 -898
3078 4850 -898
1171 4309 -898
1485 3588 -898
2511 4670 -898
930 3285 -898
2019 1050 -899
2330 576 -899
3585 3859 -899
410 2352 -899
2740 1969 -899
2753 3633 -900
323 3678 -900
1362 4160 -900
312 375 -900
4839 3927 -900
741 1742 -901
4012 2390 -901
3560 1393 -901
1574 4895 -901
3678 1680 -901
1708 3631 -901
3941 4298 -902
1916 104 -902
3341 606 -902
118 1719 -903
4363 3387 -903
4470 3899 -903
3209 1431 -904
3678 2877 -904
2074 790 -904
4160 4310 -904
306 1353 -904
316 4500 -904
3581 4482 -905
3887 4748 -905
350 1769 -905
2473 3401 -906
625 258 -906
2446 1175 -906
3313 4852 -906
4758 4633 -906
917 338 -907
4308 3980 -907
2265 2308 -907
1958 2482 -908
2358 386 -908
1174 4990 -909
2902 4435 -909
4675 398 -909
1901 1070 -910
924 3025 -910
755 128 -910
4905 760 -910
4525 487 -910
3407 1727 -911
498 3199 -911
764 3489 -911
1223 2271 -911
1432 3065 -911
83 2083 -911
3745 2215 -911
2926 4361 -911
4840 4410 -911
4230 824 -912
1443 4713 -912
4429 3677 -912
2930 3810 -912
2732 2764 -912
2669 55 -913
1190 3567 -913
485 569 -913
4074 4143 -913
4092 400 -913
348 3104 -913
677 971 -914
3468 911 -914
2576 3744 -914
1273 1720 -914
3774 2855 -915
1261 1480 -915
2150 4136 -916
921 1268 -916
1122 1878 -917
4590 3706 -917
4668 320 -917
2550 3606 -917
104 2902 -918
4104 3055 -918
1149 259 -918
531 2369 -918
1521 280 -918
3124 322 -919
2718 3142 -919
2349 1298 -919
1119 286 -919
2336 2880 -919
4657 1254 -919
1108 2840 -920
3156 346 -920
3588 4055 -920
563 4301 -920
2297 1030 -920
855 4475 -921
420 3105 -921
978 533 -921
997 4396 -921
3761 2276 -922
3704 448 -922
3283 1798 -922
880 3953 -922
4285 3599 -922
4303 3618 -923
4834 3300 -923
1388 2271 -923
4630 1919 -923
1750 591 -923
2350 4429 -923
2371 4032 -923
1014 35 -923
3206 1830 -924
2693 703 -924
1510 2116 -924
2007 465 -924
1514 3643 -925
2474 4289 -925
520 3144 -925
274 2493 -926
2286 4728 -926
1100 984 -926
2890 2287 -926
3935 1664 -926
930 3009 -926
1134 4682 -926
3351 4272 -926
3508 10 -927
4449 1253 -927
1086 4794 -927
475 4401 -927
3860 1208 -927
1446 2199 -928
991 1455 -928
2627 4153 -928
4353 1732 -928
128 4743 -928
2838 1306 -928
2991 3628 -928
2635 2427 -928
4679 2268 -928
334 2442 -929
2279 1343 -929
3066 1505 -929
4506 1283 -929
322 3806 -930
3435 1661 -930
379 1826 -930
2216 491 -930
3761 4404 -930
2440 3330 -931
1296 1769 -931
4539 2732 -931
1985 1701 -931
4011 678 -931
4436 2790 -932
4764 2880 -932
2281 3522 -932
1016 2128 -932
1609 1438 -932
4745 4461 -932
2459 1096 -933
3665 4867 -933
1912 2793 -933
3852 1793 -933
4235 82 -933
1798 1094 -934
1905 1196 -934
668 4400 -934
2879 3991 -934
4591 3099 -935
2133 3132 -935
2683 711 -935
3216 2713 -935
3274 358 -935
3559 3345 -935
3652 1361 -935
1662 3592 -936
4916 2519 -936
1553 822 -936
1554 3326 -936
1119 1488 -936
253 2691 -936
1115 2137 -936
1024 780 -937
428 3680 -937
61 4140 -937
1009 4060 -937
3897 3896 -937
2922 1223 -937
1073 409 -937
1953 4688 -938
4195 3787 -938
3338 3277 -938
1668 1916 -938
1430 441 -938
4365 453 -938
4011 2286 -939
1138 4779 -939
3925 2331 -940
110 3530 -940
781 1189 -940
3043 4293 -940
1099 534 -940
3759 3226 -940
565 2896 -941
1613 1963 -941
3066 4722 -941
2063 4880 -941
1029 714 -941
2943 3744 -941
1610 3472 -941
479 4395 -941
3208 214 -941
2413 1525 -942
1782 3955 -942
2199 4852 -942
2050 2219 -942
2225 2874 -943
1495 142 -943
1797 4350 -944
2567 1204 -944
2463 998 -944
2265 470 -945
3033 3108 -945
690 2813 -945
1099 4892 -945
2663 1088 -945
1250 2448 -945
581 1027 -946
2075 4322 -946
3496 899 -947
3390 2936 -947
3676 1742 -947
2766 2318 -947
311 3300 -947
4944 2200 -947
939 2385 -948
709 4911 -948
3826 3018 -948
4675 3686 -948
522 3902 -948
1769 182 -948
1761 3305 -949
1056 4699 -950
4981 1492 -950
4314 4950 -950
2806 3237 -950
2427 1136 -950
453 916 -951
3604 1157 -951
1667 1568 -951
1375 3250 -951
186 59 -951
3833 3581 -951
2910 1662 -951
2896 1813 -952
248 564 -952
621 2057 -952
4296 1512 -952
213 4320 -953
2062 1027 -953
939 2909 -953
484 3799 -953
2076 193 -954
2829 4823 -954
810 1666 -955
4023 4367 -955
3710 638 -955
3719 2672 -955
4586 1813 -955
3029 4752 -955
4991 2440 -955
1818 2309 -956
2288 3589 -956
3013 981 -956
4637 479 -957
1051 340 -958
3054 3654 -958
4135 4755 -958
1468 2154 -958
534 2374 -958
1563 4790 -958
915 2356 -958
867 1777 -958
4444 1595 -959
3499 4194 -959
4809 1003 -959
893 880 -959
3008 3596 -960
4285 398 -960
755 1614 -960
2439 113 -960
1839 4536 -960
3604 596 -960
4859 4912 -960
161 4871 -961
831 4709 -961
2577 1903 -962
4527 4217 -962
1028 4009 -962
1526 4872 -963
2154 1450 -963
4564 4734 -963
2673 3477 -963
3514 4599 -964
4040 2835 -964
1838 1753 -964
3683 3304 -964
3890 1812 -964
18 3630 -964
2100 111 -965
1522 941 -965
407 3133 -965
3414 639 -965
3243 1194 -965
4380 2704 -966
579 618 -966
4427 1895 -966
4885 2891 -966
2301 674 -967
2415 3141 -967
2896 482 -967
2880 2257 -967
2375 1052 -967
4728 3460 -968
1321 2631 -968
875 1614 -968
1078 1553 -968
4046 1432 -968
4062 1583 -969
2676 196 -969
115 2264 -969
3902 2055 -969
2235 3860 -969
1965 1050 -970
4608 3389 -971
850 949 -971
2888 3722 -971
4188 1765 -971
2166 4955 -972
4607 3798 -972
4396 3655 -972
3056 4394 -973
1054 2780 -973
432 2324 -973
967 4375 -973
3355 1638 -974
1108 1146 -974
2808 4714 -974
1991 1866 -974
2094 3095 -975
428 4006 -975
506 2833 -975
3086 186 -975
234 4975 -975
4525 699 -975
4479 1571 -975
801 3756 -975
2639 269 -976
841 3523 -976
4571 3335 -976
4246 4661 -977
3824 2361 -977
3183 1132 -977
1944 1674 -977
2311 4281 -977
2232 1551 -978
4432 439 -978
1399 2994 -978
4289 23 -978
1726 114 -979
1929 2904 -979
335 922 -979
2628 2339 -979
3528 1443 -979
4140 3183 -980
3000 4850 -980
1136 2842 -980
589 3512 -980
4517 3252 -981
4805 3042 -981
4770 4781 -981
959 2596 -981
3597 2769 -981
1868 3593 -982
2483 3413 -982
4897 740 -982
4552 238 -982
114 3617 -982
2112 2036 -983
2568 2484 -983
549 303 -983
2596 87 -983
3079 908 -984
4535 607 -984
4613 1724 -984
1280 1251 -984
3944 3113 -985
2303 660 -985
62 981 -985
96 3533 -985
3759 2663 -985
637 521 -985
1175 2861 -985
2905 771 -986
1187 323 -987
4759 4625 -987
3467 2146 -987
1222 3583 -987
3143 1924 -987
2681 1075 -987
356 4326 -988
4017 3779 -988
3197 1098 -988
630 1115 -988
2081 796 -989
815 1519 -989
4543 1984 -989
3882 2716 -989
407 593 -990
721 3131 -990
2683 1525 -990
3170 2414 -990
927 3302 -990
2092 2294 -990
1528 4187 -991
3173 1494 -991
3682 1012 -991
1038 3359 -991
456 586 -991
526 1637 -991
2775 1321 -992
3968 2428 -992
2220 4174 -992
2384 2378 -992
2884 4953 -992
451 639 -993
16 960 -993
1147 1528 -993
3792 1180 -993
620 197 -993
959 2410 -994
4878 2004 -994
3536 1449 -994
525 1275 -994
4563 3410 -995
4529 47 -995
177 1056 -995
746 353 -996
708 2536 -996
1908 3577 -996
4663 1485 -996
1166 915 -996
4256 4121 -996
646 2036 -996
3535 296 -997
1125 4474 -997
799 2859 -997
2786 3965 -997
3076 1291 -997
44 4235 -997
3993 2469 -997
3499 3412 -998
2989 3976 -998
3906 3221 -998
273 1940 -999
2789 2772 -999
3438 4321 -999
674 2323 -999
924 1583 -999
244 3859 -1000
1651 2016 -1000
1444 2427 -1000
2374 4507 -1000
