-7515
20 36 -1
21 25 -3
6 23 -3
0 3 -3
8 26 -5
8 33 -6
6 14 -6
10 18 -6
5 45 -6
13 27 -7
31 39 -10
16 38 -11
40 43 -12
8 44 -12
10 24 -14
8 17 -15
10 35 -15
17 29 -16
20 48 -16
4 10 -17
13 45 -17
22 49 -18
47 48 -18
6 35 -18
15 40 -18
7 30 -19
9 24 -19
25 34 -19
10 22 -21
9 22 -23
24 28 -23
0 25 -24
44 47 -24
9 41 -24
1 26 -25
6 8 -25
16 42 -26
16 23 -32
7 47 -32
9 23 -33
31 38 -34
6 12 -34
12 25 -36
7 42 -39
27 48 -41
13 30 -41
6 48 -42
7 16 -42
35 49 -43
0 17 -45
7 18 -45
22 31 -45
39 42 -45
18 32 -46
28 48 -47
10 44 -47
48 49 -48
8 19 -50
37 47 -50
34 35 -50
19 36 -51
30 36 -51
7 31 -51
36 46 -51
27 34 -52
22 32 -53
2 42 -54
27 29 -55
20 34 -56
37 44 -57
21 36 -58
10 14 -58
2 8 -59
32 34 -59
14 34 -59
9 43 -61
1 45 -61
23 39 -61
7 19 -62
2 36 -63
9 35 -63
4 13 -65
36 43 -65
10 21 -65
15 45 -66
4 28 -67
8 27 -67
30 33 -67
15 29 -67
21 48 -68
0 40 -68
18 21 -68
9 21 -68
21 30 -68
32 42 -69
5 28 -70
10 41 -70
27 38 -72
29 47 -73
16 17 -74
35 41 -74
9 29 -75
5 29 -76
24 42 -76
28 35 -76
3 9 -76
6 7 -77
3 13 -77
13 40 -77
31 41 -77
6 31 -78
9 14 -78
37 48 -79
12 46 -81
30 49 -81
5 42 -81
2 45 -81
9 36 -81
37 49 -83
39 40 -83
10 30 -84
12 34 -84
23 32 -84
6 49 -88
11 32 -89
7 22 -89
30 32 -90
5 36 -90
14 33 -91
23 40 -92
21 39 -92
32 33 -93
16 47 -94
17 33 -95
3 12 -95
31 46 -97
3 33 -98
2 11 -99
10 39 -100
8 45 -100
10 29 -100
